03:11:29 PM: DEBUG [logger_base.py: 12] Mensaje a nivel debug
03:11:29 PM: INFO [logger_base.py: 13] Mensaje a nivel info
03:11:29 PM: WARNING [logger_base.py: 14] Mensaje a nivel warning
03:11:29 PM: ERROR [logger_base.py: 15] Mensaje a nivel error
03:11:29 PM: CRITICAL [logger_base.py: 16] Mensaje a nivel crítico
03:17:42 PM: DEBUG [Cliente.py: 50] 
                ID: 1
                Nombre: Edith
                Apellido = Miramontes
                
03:19:30 PM: DEBUG [Cliente.py: 50] 
                ID: 1
                Nombre: Juan
                Apellido = Pérez
                
03:19:30 PM: DEBUG [Cliente.py: 54] 
                ID: None
                Nombre: Edith
                Apellido = Miramontes
                
03:20:11 PM: DEBUG [Cliente.py: 50] 
                ID: 1
                Nombre: Juan
                Apellido = Pérez
                
03:20:11 PM: DEBUG [Cliente.py: 54] 
                ID: 1
                Nombre: Edith
                Apellido = Miramontes
                
03:36:19 PM: DEBUG [Cuenta.py: 61] 
                Número de cuenta: 1111-1111-1111-1111
                Tarjeta número: 2345-5467-1234-2436
                Vencimiento: 05/30
                Saldo disponible= 2500
                
